Harmony.dll v1.2 mit KeySupport eingebunden
Letzte Compilierung: 05.07.04 8:00 PM
Copyright 2001 - 2003 Dominik Wondrousch alias Ineluki

Aufgerufen von C:\PROGRAM FILES\ASCII\RPG2000\PROJECT\îîŔFŻ«±Ú\RPG_RT.EXE TestPlay ShowTitle Window 
Extracting Resources ...
Application.Initialize
Queue Initialisiert
Cheatmannager initialisiert
KeyEventTimer initialisiert
Found MS Windows 9x Kernel (1) Vers: 4.10
-> Using mciqtz.drv
ScriptAction mcicommand registriert.
ScriptAction writetolog registriert.
ScriptAction setdebuglevel registriert.
ScriptAction execprogram registriert.
ScriptAction miditickfunction registriert.
ScriptAction addoutput registriert.
ScriptAction enablekeysupport registriert.
ScriptAction registerkeydownevent registriert.
ScriptAction registerkeyupevent registriert.
ScriptAction registercheatevent registriert.
ScriptAction removeblockedkeys registriert.
ScriptAction enablemousesupport registriert.
ScriptAction getmouseposition registriert.
ScriptAction setmouseasreturn registriert.
ScriptAction setmousewheelaskeys registriert.
Testplay -> Splashscreen kuerzer
Initialisierung abgeschlossen nach 930 ms.


Performing Autorun.script ...

Autorun.script[1]: Sound\MidiTickOutput.script.wav
Can not find file Sound\MidiTickOutput.script.wav

Autorun.script[2]: Sound\MousesupportOn.script.wav
Script EnableMouseSupport
  MouseSupport enabled.

Autorun.script[3]: Sound\SetMouseAsReturn.script.wav

Autorun.script[4]: Sound\SetMouseWheelAsKeys.script.wav

Autorun.script ... done
MciCommand set 0 speed 1000
MciCommand setaudio 0 right volume to 450
MciCommand setaudio 0 left volume to 450
MciCommand set 0 speed 1500
MciCommand setaudio 0 right volume to 450
MciCommand setaudio 0 left volume to 450
MciCommand set 0 speed 1500
MciCommand setaudio 0 right volume to 450
MciCommand setaudio 0 left volume to 450
HarmonyPlaySoundEx fehlgeschlagen
HarmonyPlaySoundEx fehlgeschlagen
Script EnableMouseSupport
  MouseSupport enabled.
HarmonyPlaySoundEx fehlgeschlagen
HarmonyPlaySoundEx fehlgeschlagen
HarmonyPlaySoundEx fehlgeschlagen
HarmonyPlaySoundEx fehlgeschlagen
HarmonyPlaySoundEx fehlgeschlagen
HarmonyPlaySoundEx fehlgeschlagen
HarmonyPlaySoundEx fehlgeschlagen
HarmonyPlaySoundEx fehlgeschlagen
HarmonyPlaySoundEx fehlgeschlagen
HarmonyPlaySoundEx fehlgeschlagen
HarmonyPlaySoundEx fehlgeschlagen
HarmonyPlaySoundEx fehlgeschlagen
HarmonyPlaySoundEx fehlgeschlagen
HarmonyPlaySoundEx fehlgeschlagen
HarmonyPlaySoundEx fehlgeschlagen
HarmonyPlaySoundEx fehlgeschlagen
HarmonyPlaySoundEx fehlgeschlagen
HarmonyPlaySoundEx fehlgeschlagen
HarmonyPlaySoundEx fehlgeschlagen
HarmonyPlaySoundEx fehlgeschlagen
HarmonyPlaySoundEx fehlgeschlagen
HarmonyPlaySoundEx fehlgeschlagen
HarmonyPlaySoundEx fehlgeschlagen
HarmonyPlaySoundEx fehlgeschlagen
HarmonyPlaySoundEx fehlgeschlagen
HarmonyPlaySoundEx fehlgeschlagen
HarmonyPlaySoundEx fehlgeschlagen
HarmonyPlaySoundEx fehlgeschlagen
HarmonyPlaySoundEx fehlgeschlagen
HarmonyPlaySoundEx fehlgeschlagen
HarmonyPlaySoundEx fehlgeschlagen
HarmonyPlaySoundEx fehlgeschlagen
HarmonyPlaySoundEx fehlgeschlagen
HarmonyPlaySoundEx fehlgeschlagen
HarmonyPlaySoundEx fehlgeschlagen
HarmonyPlaySoundEx fehlgeschlagen
HarmonyPlaySoundEx fehlgeschlagen
HarmonyPlaySoundEx fehlgeschlagen
HarmonyPlaySoundEx fehlgeschlagen
HarmonyPlaySoundEx fehlgeschlagen
HarmonyPlaySoundEx fehlgeschlagen
HarmonyPlaySoundEx fehlgeschlagen
HarmonyPlaySoundEx fehlgeschlagen
HarmonyPlaySoundEx fehlgeschlagen
HarmonyPlaySoundEx fehlgeschlagen
HarmonyPlaySoundEx fehlgeschlagen
HarmonyPlaySoundEx fehlgeschlagen
HarmonyPlaySoundEx fehlgeschlagen
HarmonyPlaySoundEx fehlgeschlagen
HarmonyPlaySoundEx fehlgeschlagen
HarmonyPlaySoundEx fehlgeschlagen
HarmonyPlaySoundEx fehlgeschlagen
HarmonyPlaySoundEx fehlgeschlagen
HarmonyPlaySoundEx fehlgeschlagen
HarmonyPlaySoundEx fehlgeschlagen
HarmonyPlaySoundEx fehlgeschlagen
HarmonyPlaySoundEx fehlgeschlagen
HarmonyPlaySoundEx fehlgeschlagen
HarmonyPlaySoundEx fehlgeschlagen
HarmonyPlaySoundEx fehlgeschlagen
HarmonyPlaySoundEx fehlgeschlagen
HarmonyPlaySoundEx fehlgeschlagen
HarmonyPlaySoundEx fehlgeschlagen
HarmonyPlaySoundEx fehlgeschlagen
HarmonyPlaySoundEx fehlgeschlagen
HarmonyPlaySoundEx fehlgeschlagen
HarmonyPlaySoundEx fehlgeschlagen
HarmonyPlaySoundEx fehlgeschlagen
HarmonyPlaySoundEx fehlgeschlagen
HarmonyPlaySoundEx fehlgeschlagen
HarmonyPlaySoundEx fehlgeschlagen
HarmonyPlaySoundEx fehlgeschlagen
HarmonyPlaySoundEx fehlgeschlagen
HarmonyPlaySoundEx fehlgeschlagen
HarmonyPlaySoundEx fehlgeschlagen
HarmonyPlaySoundEx fehlgeschlagen
HarmonyPlaySoundEx fehlgeschlagen
HarmonyPlaySoundEx fehlgeschlagen
HarmonyPlaySoundEx fehlgeschlagen
HarmonyPlaySoundEx fehlgeschlagen
HarmonyPlaySoundEx fehlgeschlagen
HarmonyPlaySoundEx fehlgeschlagen
HarmonyPlaySoundEx fehlgeschlagen
HarmonyPlaySoundEx fehlgeschlagen
HarmonyPlaySoundEx fehlgeschlagen
HarmonyPlaySoundEx fehlgeschlagen
HarmonyPlaySoundEx fehlgeschlagen
HarmonyPlaySoundEx fehlgeschlagen
HarmonyPlaySoundEx fehlgeschlagen
HarmonyPlaySoundEx fehlgeschlagen
HarmonyPlaySoundEx fehlgeschlagen
HarmonyPlaySoundEx fehlgeschlagen
HarmonyPlaySoundEx fehlgeschlagen
HarmonyPlaySoundEx fehlgeschlagen
HarmonyPlaySoundEx fehlgeschlagen
HarmonyPlaySoundEx fehlgeschlagen
HarmonyPlaySoundEx fehlgeschlagen
HarmonyPlaySoundEx fehlgeschlagen
HarmonyPlaySoundEx fehlgeschlagen
HarmonyPlaySoundEx fehlgeschlagen
HarmonyPlaySoundEx fehlgeschlagen
HarmonyPlaySoundEx fehlgeschlagen
HarmonyPlaySoundEx fehlgeschlagen
HarmonyPlaySoundEx fehlgeschlagen
HarmonyPlaySoundEx fehlgeschlagen
HarmonyPlaySoundEx fehlgeschlagen
HarmonyPlaySoundEx fehlgeschlagen
HarmonyPlaySoundEx fehlgeschlagen
HarmonyPlaySoundEx fehlgeschlagen
HarmonyPlaySoundEx fehlgeschlagen
HarmonyPlaySoundEx fehlgeschlagen
HarmonyPlaySoundEx fehlgeschlagen
HarmonyPlaySoundEx fehlgeschlagen
HarmonyPlaySoundEx fehlgeschlagen
HarmonyPlaySoundEx fehlgeschlagen
HarmonyPlaySoundEx fehlgeschlagen
HarmonyPlaySoundEx fehlgeschlagen
HarmonyPlaySoundEx fehlgeschlagen
HarmonyPlaySoundEx fehlgeschlagen
HarmonyPlaySoundEx fehlgeschlagen
HarmonyPlaySoundEx fehlgeschlagen
HarmonyPlaySoundEx fehlgeschlagen
HarmonyPlaySoundEx fehlgeschlagen
HarmonyPlaySoundEx fehlgeschlagen
HarmonyPlaySoundEx fehlgeschlagen
HarmonyPlaySoundEx fehlgeschlagen
HarmonyPlaySoundEx fehlgeschlagen
HarmonyPlaySoundEx fehlgeschlagen
HarmonyPlaySoundEx fehlgeschlagen
HarmonyPlaySoundEx fehlgeschlagen
HarmonyPlaySoundEx fehlgeschlagen
HarmonyPlaySoundEx fehlgeschlagen
HarmonyPlaySoundEx fehlgeschlagen
HarmonyPlaySoundEx fehlgeschlagen
HarmonyPlaySoundEx fehlgeschlagen
HarmonyPlaySoundEx fehlgeschlagen
HarmonyPlaySoundEx fehlgeschlagen
HarmonyPlaySoundEx fehlgeschlagen
HarmonyPlaySoundEx fehlgeschlagen
HarmonyPlaySoundEx fehlgeschlagen
HarmonyPlaySoundEx fehlgeschlagen
HarmonyPlaySoundEx fehlgeschlagen
HarmonyPlaySoundEx fehlgeschlagen
HarmonyPlaySoundEx fehlgeschlagen
HarmonyPlaySoundEx fehlgeschlagen
HarmonyPlaySoundEx fehlgeschlagen
HarmonyPlaySoundEx fehlgeschlagen
HarmonyPlaySoundEx fehlgeschlagen
HarmonyPlaySoundEx fehlgeschlagen
HarmonyPlaySoundEx fehlgeschlagen
HarmonyPlaySoundEx fehlgeschlagen
HarmonyPlaySoundEx fehlgeschlagen
HarmonyPlaySoundEx fehlgeschlagen
HarmonyPlaySoundEx fehlgeschlagen
HarmonyPlaySoundEx fehlgeschlagen
HarmonyPlaySoundEx fehlgeschlagen
HarmonyPlaySoundEx fehlgeschlagen
HarmonyPlaySoundEx fehlgeschlagen
HarmonyPlaySoundEx fehlgeschlagen
HarmonyPlaySoundEx fehlgeschlagen
HarmonyPlaySoundEx fehlgeschlagen
HarmonyPlaySoundEx fehlgeschlagen
HarmonyPlaySoundEx fehlgeschlagen
HarmonyPlaySoundEx fehlgeschlagen
HarmonyPlaySoundEx fehlgeschlagen
HarmonyPlaySoundEx fehlgeschlagen
HarmonyPlaySoundEx fehlgeschlagen
HarmonyPlaySoundEx fehlgeschlagen
HarmonyPlaySoundEx fehlgeschlagen
HarmonyPlaySoundEx fehlgeschlagen
HarmonyPlaySoundEx fehlgeschlagen
HarmonyPlaySoundEx fehlgeschlagen
HarmonyPlaySoundEx fehlgeschlagen
HarmonyPlaySoundEx fehlgeschlagen
HarmonyPlaySoundEx fehlgeschlagen
HarmonyPlaySoundEx fehlgeschlagen
HarmonyPlaySoundEx fehlgeschlagen
HarmonyPlaySoundEx fehlgeschlagen
HarmonyPlaySoundEx fehlgeschlagen
HarmonyPlaySoundEx fehlgeschlagen
HarmonyPlaySoundEx fehlgeschlagen
HarmonyPlaySoundEx fehlgeschlagen
HarmonyPlaySoundEx fehlgeschlagen
HarmonyPlaySoundEx fehlgeschlagen
HarmonyPlaySoundEx fehlgeschlagen
HarmonyPlaySoundEx fehlgeschlagen
HarmonyPlaySoundEx fehlgeschlagen
HarmonyPlaySoundEx fehlgeschlagen
HarmonyPlaySoundEx fehlgeschlagen
HarmonyPlaySoundEx fehlgeschlagen
HarmonyPlaySoundEx fehlgeschlagen
HarmonyPlaySoundEx fehlgeschlagen
HarmonyPlaySoundEx fehlgeschlagen
HarmonyPlaySoundEx fehlgeschlagen
HarmonyPlaySoundEx fehlgeschlagen
HarmonyPlaySoundEx fehlgeschlagen
HarmonyPlaySoundEx fehlgeschlagen
HarmonyPlaySoundEx fehlgeschlagen
HarmonyPlaySoundEx fehlgeschlagen
HarmonyPlaySoundEx fehlgeschlagen
HarmonyPlaySoundEx fehlgeschlagen
HarmonyPlaySoundEx fehlgeschlagen
HarmonyPlaySoundEx fehlgeschlagen
HarmonyPlaySoundEx fehlgeschlagen
HarmonyPlaySoundEx fehlgeschlagen
HarmonyPlaySoundEx fehlgeschlagen
HarmonyPlaySoundEx fehlgeschlagen
HarmonyPlaySoundEx fehlgeschlagen
HarmonyPlaySoundEx fehlgeschlagen
HarmonyPlaySoundEx fehlgeschlagen
HarmonyPlaySoundEx fehlgeschlagen
HarmonyPlaySoundEx fehlgeschlagen
HarmonyPlaySoundEx fehlgeschlagen
HarmonyPlaySoundEx fehlgeschlagen
HarmonyPlaySoundEx fehlgeschlagen
HarmonyPlaySoundEx fehlgeschlagen
HarmonyPlaySoundEx fehlgeschlagen
HarmonyPlaySoundEx fehlgeschlagen
HarmonyPlaySoundEx fehlgeschlagen
HarmonyPlaySoundEx fehlgeschlagen
HarmonyPlaySoundEx fehlgeschlagen
HarmonyPlaySoundEx fehlgeschlagen
HarmonyPlaySoundEx fehlgeschlagen
HarmonyPlaySoundEx fehlgeschlagen
HarmonyPlaySoundEx fehlgeschlagen
HarmonyPlaySoundEx fehlgeschlagen
HarmonyPlaySoundEx fehlgeschlagen
HarmonyPlaySoundEx fehlgeschlagen
HarmonyPlaySoundEx fehlgeschlagen
HarmonyPlaySoundEx fehlgeschlagen
HarmonyPlaySoundEx fehlgeschlagen
HarmonyPlaySoundEx fehlgeschlagen
HarmonyPlaySoundEx fehlgeschlagen
HarmonyPlaySoundEx fehlgeschlagen
HarmonyPlaySoundEx fehlgeschlagen
HarmonyPlaySoundEx fehlgeschlagen
HarmonyPlaySoundEx fehlgeschlagen
HarmonyPlaySoundEx fehlgeschlagen
HarmonyPlaySoundEx fehlgeschlagen
HarmonyPlaySoundEx fehlgeschlagen
HarmonyPlaySoundEx fehlgeschlagen
HarmonyPlaySoundEx fehlgeschlagen
HarmonyPlaySoundEx fehlgeschlagen
HarmonyPlaySoundEx fehlgeschlagen
HarmonyPlaySoundEx fehlgeschlagen
HarmonyPlaySoundEx fehlgeschlagen
HarmonyPlaySoundEx fehlgeschlagen
HarmonyPlaySoundEx fehlgeschlagen
HarmonyPlaySoundEx fehlgeschlagen
HarmonyPlaySoundEx fehlgeschlagen
HarmonyPlaySoundEx fehlgeschlagen
HarmonyPlaySoundEx fehlgeschlagen
HarmonyPlaySoundEx fehlgeschlagen
HarmonyPlaySoundEx fehlgeschlagen
HarmonyPlaySoundEx fehlgeschlagen
HarmonyPlaySoundEx fehlgeschlagen
HarmonyPlaySoundEx fehlgeschlagen
HarmonyPlaySoundEx fehlgeschlagen
HarmonyPlaySoundEx fehlgeschlagen
HarmonyPlaySoundEx fehlgeschlagen
HarmonyPlaySoundEx fehlgeschlagen
HarmonyPlaySoundEx fehlgeschlagen
HarmonyPlaySoundEx fehlgeschlagen
HarmonyPlaySoundEx fehlgeschlagen
HarmonyPlaySoundEx fehlgeschlagen
HarmonyPlaySoundEx fehlgeschlagen
HarmonyPlaySoundEx fehlgeschlagen
HarmonyPlaySoundEx fehlgeschlagen
HarmonyPlaySoundEx fehlgeschlagen
HarmonyPlaySoundEx fehlgeschlagen
HarmonyPlaySoundEx fehlgeschlagen
HarmonyPlaySoundEx fehlgeschlagen
HarmonyPlaySoundEx fehlgeschlagen
HarmonyPlaySoundEx fehlgeschlagen
HarmonyPlaySoundEx fehlgeschlagen
HarmonyPlaySoundEx fehlgeschlagen
HarmonyPlaySoundEx fehlgeschlagen
HarmonyPlaySoundEx fehlgeschlagen
HarmonyPlaySoundEx fehlgeschlagen
HarmonyPlaySoundEx fehlgeschlagen
HarmonyPlaySoundEx fehlgeschlagen
HarmonyPlaySoundEx fehlgeschlagen
HarmonyPlaySoundEx fehlgeschlagen
HarmonyPlaySoundEx fehlgeschlagen
HarmonyPlaySoundEx fehlgeschlagen
HarmonyPlaySoundEx fehlgeschlagen
HarmonyPlaySoundEx fehlgeschlagen
HarmonyPlaySoundEx fehlgeschlagen
HarmonyPlaySoundEx fehlgeschlagen
HarmonyPlaySoundEx fehlgeschlagen
HarmonyPlaySoundEx fehlgeschlagen
HarmonyPlaySoundEx fehlgeschlagen
HarmonyPlaySoundEx fehlgeschlagen
HarmonyPlaySoundEx fehlgeschlagen
HarmonyPlaySoundEx fehlgeschlagen
HarmonyPlaySoundEx fehlgeschlagen
HarmonyPlaySoundEx fehlgeschlagen
HarmonyPlaySoundEx fehlgeschlagen
HarmonyPlaySoundEx fehlgeschlagen
HarmonyPlaySoundEx fehlgeschlagen
HarmonyPlaySoundEx fehlgeschlagen
HarmonyPlaySoundEx fehlgeschlagen
HarmonyPlaySoundEx fehlgeschlagen
HarmonyPlaySoundEx fehlgeschlagen
HarmonyPlaySoundEx fehlgeschlagen
HarmonyPlaySoundEx fehlgeschlagen
HarmonyPlaySoundEx fehlgeschlagen
HarmonyPlaySoundEx fehlgeschlagen
HarmonyPlaySoundEx fehlgeschlagen
HarmonyPlaySoundEx fehlgeschlagen
HarmonyPlaySoundEx fehlgeschlagen
HarmonyPlaySoundEx fehlgeschlagen
HarmonyPlaySoundEx fehlgeschlagen
HarmonyPlaySoundEx fehlgeschlagen
HarmonyPlaySoundEx fehlgeschlagen
HarmonyPlaySoundEx fehlgeschlagen
HarmonyPlaySoundEx fehlgeschlagen
HarmonyPlaySoundEx fehlgeschlagen
HarmonyPlaySoundEx fehlgeschlagen
HarmonyPlaySoundEx fehlgeschlagen
HarmonyPlaySoundEx fehlgeschlagen
HarmonyPlaySoundEx fehlgeschlagen
HarmonyPlaySoundEx fehlgeschlagen
HarmonyPlaySoundEx fehlgeschlagen
HarmonyPlaySoundEx fehlgeschlagen
HarmonyPlaySoundEx fehlgeschlagen
HarmonyPlaySoundEx fehlgeschlagen
HarmonyPlaySoundEx fehlgeschlagen
HarmonyPlaySoundEx fehlgeschlagen
HarmonyPlaySoundEx fehlgeschlagen
HarmonyPlaySoundEx fehlgeschlagen
HarmonyPlaySoundEx fehlgeschlagen
HarmonyPlaySoundEx fehlgeschlagen
HarmonyPlaySoundEx fehlgeschlagen
HarmonyPlaySoundEx fehlgeschlagen
HarmonyPlaySoundEx fehlgeschlagen
HarmonyPlaySoundEx fehlgeschlagen
HarmonyPlaySoundEx fehlgeschlagen
HarmonyPlaySoundEx fehlgeschlagen
HarmonyPlaySoundEx fehlgeschlagen
HarmonyPlaySoundEx fehlgeschlagen
HarmonyPlaySoundEx fehlgeschlagen
HarmonyPlaySoundEx fehlgeschlagen
HarmonyPlaySoundEx fehlgeschlagen
HarmonyPlaySoundEx fehlgeschlagen
HarmonyPlaySoundEx fehlgeschlagen
HarmonyPlaySoundEx fehlgeschlagen
HarmonyPlaySoundEx fehlgeschlagen
HarmonyPlaySoundEx fehlgeschlagen
HarmonyPlaySoundEx fehlgeschlagen
HarmonyPlaySoundEx fehlgeschlagen
HarmonyPlaySoundEx fehlgeschlagen
HarmonyPlaySoundEx fehlgeschlagen
HarmonyPlaySoundEx fehlgeschlagen
HarmonyPlaySoundEx fehlgeschlagen
HarmonyPlaySoundEx fehlgeschlagen
HarmonyPlaySoundEx fehlgeschlagen
HarmonyPlaySoundEx fehlgeschlagen
HarmonyPlaySoundEx fehlgeschlagen
HarmonyPlaySoundEx fehlgeschlagen
HarmonyPlaySoundEx fehlgeschlagen
HarmonyPlaySoundEx fehlgeschlagen
HarmonyPlaySoundEx fehlgeschlagen
HarmonyPlaySoundEx fehlgeschlagen
HarmonyPlaySoundEx fehlgeschlagen
HarmonyPlaySoundEx fehlgeschlagen
HarmonyPlaySoundEx fehlgeschlagen
HarmonyPlaySoundEx fehlgeschlagen
HarmonyPlaySoundEx fehlgeschlagen
HarmonyPlaySoundEx fehlgeschlagen
HarmonyPlaySoundEx fehlgeschlagen
HarmonyPlaySoundEx fehlgeschlagen
HarmonyPlaySoundEx fehlgeschlagen
HarmonyPlaySoundEx fehlgeschlagen
HarmonyPlaySoundEx fehlgeschlagen
HarmonyPlaySoundEx fehlgeschlagen
HarmonyPlaySoundEx fehlgeschlagen
HarmonyPlaySoundEx fehlgeschlagen
HarmonyPlaySoundEx fehlgeschlagen
HarmonyPlaySoundEx fehlgeschlagen
HarmonyPlaySoundEx fehlgeschlagen
HarmonyPlaySoundEx fehlgeschlagen
HarmonyPlaySoundEx fehlgeschlagen
HarmonyPlaySoundEx fehlgeschlagen
HarmonyPlaySoundEx fehlgeschlagen
HarmonyPlaySoundEx fehlgeschlagen
HarmonyPlaySoundEx fehlgeschlagen
HarmonyPlaySoundEx fehlgeschlagen
HarmonyPlaySoundEx fehlgeschlagen
HarmonyPlaySoundEx fehlgeschlagen
HarmonyPlaySoundEx fehlgeschlagen
HarmonyPlaySoundEx fehlgeschlagen
HarmonyPlaySoundEx fehlgeschlagen
HarmonyPlaySoundEx fehlgeschlagen
HarmonyPlaySoundEx fehlgeschlagen
HarmonyPlaySoundEx fehlgeschlagen
HarmonyPlaySoundEx fehlgeschlagen
HarmonyPlaySoundEx fehlgeschlagen
HarmonyPlaySoundEx fehlgeschlagen
HarmonyPlaySoundEx fehlgeschlagen
HarmonyPlaySoundEx fehlgeschlagen
HarmonyPlaySoundEx fehlgeschlagen
HarmonyPlaySoundEx fehlgeschlagen
HarmonyPlaySoundEx fehlgeschlagen
HarmonyPlaySoundEx fehlgeschlagen
HarmonyPlaySoundEx fehlgeschlagen
HarmonyPlaySoundEx fehlgeschlagen
HarmonyPlaySoundEx fehlgeschlagen
HarmonyPlaySoundEx fehlgeschlagen
HarmonyPlaySoundEx fehlgeschlagen
HarmonyPlaySoundEx fehlgeschlagen
HarmonyPlaySoundEx fehlgeschlagen
HarmonyPlaySoundEx fehlgeschlagen
HarmonyPlaySoundEx fehlgeschlagen
HarmonyPlaySoundEx fehlgeschlagen
HarmonyPlaySoundEx fehlgeschlagen
HarmonyPlaySoundEx fehlgeschlagen
HarmonyPlaySoundEx fehlgeschlagen
HarmonyPlaySoundEx fehlgeschlagen
HarmonyPlaySoundEx fehlgeschlagen
HarmonyPlaySoundEx fehlgeschlagen
HarmonyPlaySoundEx fehlgeschlagen
HarmonyPlaySoundEx fehlgeschlagen
HarmonyPlaySoundEx fehlgeschlagen
HarmonyPlaySoundEx fehlgeschlagen
HarmonyPlaySoundEx fehlgeschlagen
HarmonyPlaySoundEx fehlgeschlagen
HarmonyPlaySoundEx fehlgeschlagen
HarmonyPlaySoundEx fehlgeschlagen
HarmonyPlaySoundEx fehlgeschlagen
HarmonyPlaySoundEx fehlgeschlagen
HarmonyPlaySoundEx fehlgeschlagen
HarmonyPlaySoundEx fehlgeschlagen
HarmonyPlaySoundEx fehlgeschlagen
HarmonyPlaySoundEx fehlgeschlagen
HarmonyPlaySoundEx fehlgeschlagen
HarmonyPlaySoundEx fehlgeschlagen
HarmonyPlaySoundEx fehlgeschlagen
HarmonyPlaySoundEx fehlgeschlagen
HarmonyPlaySoundEx fehlgeschlagen
HarmonyPlaySoundEx fehlgeschlagen
HarmonyPlaySoundEx fehlgeschlagen
HarmonyPlaySoundEx fehlgeschlagen
HarmonyPlaySoundEx fehlgeschlagen
HarmonyPlaySoundEx fehlgeschlagen
HarmonyPlaySoundEx fehlgeschlagen
HarmonyPlaySoundEx fehlgeschlagen
HarmonyPlaySoundEx fehlgeschlagen
HarmonyPlaySoundEx fehlgeschlagen
HarmonyPlaySoundEx fehlgeschlagen
HarmonyPlaySoundEx fehlgeschlagen
HarmonyPlaySoundEx fehlgeschlagen
HarmonyPlaySoundEx fehlgeschlagen
HarmonyPlaySoundEx fehlgeschlagen
HarmonyPlaySoundEx fehlgeschlagen
HarmonyPlaySoundEx fehlgeschlagen
HarmonyPlaySoundEx fehlgeschlagen
HarmonyPlaySoundEx fehlgeschlagen
HarmonyPlaySoundEx fehlgeschlagen
HarmonyPlaySoundEx fehlgeschlagen
HarmonyPlaySoundEx fehlgeschlagen
HarmonyPlaySoundEx fehlgeschlagen
HarmonyPlaySoundEx fehlgeschlagen
HarmonyPlaySoundEx fehlgeschlagen
HarmonyPlaySoundEx fehlgeschlagen
HarmonyPlaySoundEx fehlgeschlagen
HarmonyPlaySoundEx fehlgeschlagen
HarmonyPlaySoundEx fehlgeschlagen
HarmonyPlaySoundEx fehlgeschlagen
HarmonyPlaySoundEx fehlgeschlagen
HarmonyPlaySoundEx fehlgeschlagen
HarmonyPlaySoundEx fehlgeschlagen
HarmonyPlaySoundEx fehlgeschlagen
HarmonyPlaySoundEx fehlgeschlagen
HarmonyPlaySoundEx fehlgeschlagen
HarmonyPlaySoundEx fehlgeschlagen
HarmonyPlaySoundEx fehlgeschlagen
HarmonyPlaySoundEx fehlgeschlagen
HarmonyPlaySoundEx fehlgeschlagen
HarmonyPlaySoundEx fehlgeschlagen
HarmonyPlaySoundEx fehlgeschlagen
HarmonyPlaySoundEx fehlgeschlagen
HarmonyPlaySoundEx fehlgeschlagen
HarmonyPlaySoundEx fehlgeschlagen
HarmonyPlaySoundEx fehlgeschlagen
HarmonyPlaySoundEx fehlgeschlagen
HarmonyPlaySoundEx fehlgeschlagen
Harmony.dll wird zum Beenden vorbereitet.
OutputQueue freigegeben
CheatMannager freigegeben
Actions freigegeben.
AutorunTimer freigegeben.
KeyEventTimer freigegeben.
HarmonyRelease gescheitert
